<?xml version="1.0" encoding="UTF-8"?>
<!-- Generated by org.testng.reporters.JUnitReportReporter -->
<testsuite skipped="0" hostname="DESKTOP-Q1M282J" name="baseobject.homepagetest" tests="4" failures="0" timestamp="29 Dec 2019 16:43:10 GMT" time="11.492" errors="0">
  <testcase name="verifybutton" time="0.239" classname="baseobject.homepagetest"/>
  <testcase name="verifyTshirt" time="2.408" classname="baseobject.homepagetest"/>
  <testcase name="verifyDresses" time="5.925" classname="baseobject.homepagetest"/>
  <testcase name="verifywomen" time="2.920" classname="baseobject.homepagetest"/>
</testsuite> <!-- baseobject.homepagetest -->
